<?xml version="1.0" encoding="UTF-8"?>
<!-- Generated by org.testng.reporters.JUnitReportReporter -->
<testsuite hostname="DESKTOP-RFGG51U" failures="0" tests="2" name="runner.RunnerwithTestNG" time="42.861" errors="0" timestamp="2024-02-26T12:21:53 IST" skipped="0">
  <testcase classname="runner.RunnerwithTestNG" name="runScenario" time="22.437"/>
  <system-out/>
  <testcase classname="runner.RunnerwithTestNG" name="runScenario" time="20.424"/>
  <system-out/>
</testsuite> <!-- runner.RunnerwithTestNG -->
